<?xml version="1.0" encoding="UTF-8"?>
<!-- Generated by org.testng.reporters.JUnitReportReporter -->
<testsuite skipped="0" hostname="alaqa" name="com.google.selenium.tets.TestNG" tests="1" failures="0" timestamp="2019-10-26T18:58:59 EET" time="0.014" errors="0">
  <testcase name="open" time="0.014" classname="com.google.selenium.tets.TestNG"/>
</testsuite> <!-- com.google.selenium.tets.TestNG -->
